<?xml version="1.0" encoding="UTF-8"?>
<testsuite xmlns:xsi="http://www.w3.org/2001/XMLSchema-instance" xsi:noNamespaceSchemaLocation="https://maven.apache.org/surefire/maven-surefire-plugin/xsd/surefire-test-report.xsd" name="com.miniprj.interviewcode.InterviewcodeApplicationTests" time="2.285" tests="3" errors="0" skipped="0" failures="0">
  <properties>
[...]
</properties>
  <testcase name="helloworld" classname="com.miniprj.interviewcode.InterviewcodeApplicationTests" time="2.238"/>
  <testcase name="getAllUser" classname="com.miniprj.interviewcode.InterviewcodeApplicationTests" time="0"/>
  <testcase name="getUserList" classname="com.miniprj.interviewcode.InterviewcodeApplicationTests" time="0"/>
</testsuite>